<?xml version="1.0" encoding="UTF-8"?>
<!-- Generated by org.testng.reporters.JUnitXMLReporter -->
<testsuite ignored="0" hostname="MT-9SQN6L3" failures="2" tests="10" name="Test" time="247.418" errors="0" timestamp="2022-07-29T23:50:17 IST">
  <testcase classname="com.pg.tide.runnable.Runner" name="CalculateSavingsForSwitchingToColdWaterFor10Washes" time="10.05"/>
  <testcase classname="com.pg.tide.runnable.Runner" name="CustomStainCheck" time="8.495"/>
  <testcase classname="com.pg.tide.runnable.Runner" name="browseByNeedFebreze" time="7.415"/>
  <testcase classname="com.pg.tide.runnable.Runner" name="changeLanguage" time="9.807"/>
  <testcase classname="com.pg.tide.runnable.Runner" name="checkContactUsIframe" time="7.886"/>
  <testcase classname="com.pg.tide.runnable.Runner" name="checkPartCompanies" time="27.075"/>
  <testcase classname="com.pg.tide.runnable.Runner" name="login" time="18.541">
    <failure type="java.lang.AssertionError" message="System marked us as spam probably">
      <![CDATA[java.lang.AssertionError: System marked us as spam probably
at com.pg.tide.pageobjects.SignUpNowPGPage.login(SignUpNowPGPage.java:117)
at com.pg.tide.runnable.Runner.login(Runner.java:91)
at java.base/java.util.ArrayList.forEach(ArrayList.java:1511)
... Removed 28 stack frames]]>
    </failure>
  </testcase> <!-- login -->
  <testcase classname="com.pg.tide.runnable.Runner" name="registration" time="17.556">
    <failure type="org.openqa.selenium.TimeoutException" message="Expected condition failed: waiting for element to be clickable: By.xpath: //p[contains(text(),&amp;apos;sorry&amp;apos;)] (tried for 5 second(s) with 500 milliseconds interval)">
      <![CDATA[org.openqa.selenium.TimeoutException: Expected condition failed: waiting for element to be clickable: By.xpath: //p[contains(text(),'sorry')] (tried for 5 second(s) with 500 milliseconds interval)
at org.openqa.selenium.support.ui.WebDriverWait.timeoutException(WebDriverWait.java:95)
at org.openqa.selenium.support.ui.FluentWait.until(FluentWait.java:272)
at com.pg.tide.uistore.SignUpNowPGUI.getAlreadyRegistered(SignUpNowPGUI.java:93)
at com.pg.tide.pageobjects.SignUpNowPGPage.signUp(SignUpNowPGPage.java:48)
at com.pg.tide.runnable.Runner.registration(Runner.java:70)
at java.base/java.util.ArrayList.forEach(ArrayList.java:1511)
Caused by: org.openqa.selenium.NoSuchElementException: no such element: Unable to locate element: {"method":"xpath","selector":"//p[contains(text(),'sorry')]"}
  (Session info: chrome=103.0.5060.134)
For documentation on this error, please visit: https://www.seleniumhq.org/exceptions/no_such_element.html
Build info: version: '3.141.59', revision: 'e82be7d358', time: '2018-11-14T08:17:03'
System info: host: 'MT-9SQN6L3', ip: '192.168.1.42', os.name: 'Windows 10', os.arch: 'amd64', os.version: '10.0', java.version: '17.0.3'
Driver info: org.openqa.selenium.chrome.ChromeDriver
Capabilities {acceptInsecureCerts: false, browserName: chrome, browserVersion: 103.0.5060.134, chrome: {chromedriverVersion: 103.0.5060.134 (8ec6fce403b..., userDataDir: C:\Users\M1089261\AppData\L...}, goog:chromeOptions: {debuggerAddress: localhost:63108}, javascriptEnabled: true, networkConnectionEnabled: false, pageLoadStrategy: normal, platform: WINDOWS, platformName: WINDOWS, proxy: Proxy(), setWindowRect: true, strictFileInteractability: false, timeouts: {implicit: 0, pageLoad: 300000, script: 30000}, unhandledPromptBehavior: dismiss and notify, webauthn:extension:credBlob: true, webauthn:extension:largeBlob: true, webauthn:virtualAuthenticators: true}
Session ID: 9e4681e5f6bbd18c9b1721107366712b
*** Element info: {Using=xpath, value=//p[contains(text(),'sorry')]}
at org.openqa.selenium.remote.http.W3CHttpResponseCodec.createException(W3CHttpResponseCodec.java:187)
at org.openqa.selenium.remote.http.W3CHttpResponseCodec.decode(W3CHttpResponseCodec.java:122)
at org.openqa.selenium.remote.http.W3CHttpResponseCodec.decode(W3CHttpResponseCodec.java:49)
at org.openqa.selenium.remote.HttpCommandExecutor.execute(HttpCommandExecutor.java:158)
at org.openqa.selenium.remote.service.DriverCommandExecutor.execute(DriverCommandExecutor.java:83)
at org.openqa.selenium.remote.RemoteWebDriver.execute(RemoteWebDriver.java:552)
at org.openqa.selenium.remote.RemoteWebDriver.findElement(RemoteWebDriver.java:323)
at org.openqa.selenium.remote.RemoteWebDriver.findElementByXPath(RemoteWebDriver.java:428)
at org.openqa.selenium.By$ByXPath.findElement(By.java:353)
at org.openqa.selenium.remote.RemoteWebDriver.findElement(RemoteWebDriver.java:315)
at org.openqa.selenium.support.ui.ExpectedConditions$7.apply(ExpectedConditions.java:205)
at org.openqa.selenium.support.ui.ExpectedConditions$7.apply(ExpectedConditions.java:201)
at org.openqa.selenium.support.ui.ExpectedConditions$22.apply(ExpectedConditions.java:641)
at org.openqa.selenium.support.ui.ExpectedConditions$22.apply(ExpectedConditions.java:638)
at org.openqa.selenium.support.ui.FluentWait.until(FluentWait.java:249)
... 31 more
... Removed 32 stack frames]]>
    </failure>
  </testcase> <!-- registration -->
  <testcase classname="com.pg.tide.runnable.Runner" name="searchPodsProduct" time="7.431"/>
  <testcase classname="com.pg.tide.runnable.Runner" name="startChat" time="42.863"/>
</testsuite> <!-- Test -->
